/*C1*/SET SCHEMA PUBLIC
CONNECT USER SA
SET AUTOCOMMIT FALSE
/*C2*/SET SCHEMA PUBLIC
CONNECT USER SA
SET AUTOCOMMIT FALSE
/*C3*/SET SCHEMA PUBLIC
CONNECT USER SA
SET AUTOCOMMIT FALSE
/*C4*/SET SCHEMA PUBLIC
CONNECT USER SA
SET AUTOCOMMIT FALSE
/*C5*/SET SCHEMA PUBLIC
CONNECT USER SA
SET AUTOCOMMIT FALSE
/*C6*/SET SCHEMA PUBLIC
CONNECT USER SA
SET AUTOCOMMIT FALSE
/*C7*/SET SCHEMA PUBLIC
CONNECT USER SA
SET AUTOCOMMIT FALSE
/*C4*/DISCONNECT
/*C6*/DISCONNECT
/*C5*/DISCONNECT
/*C7*/DISCONNECT
/*C8*/SET SCHEMA PUBLIC
CONNECT USER SA
SET AUTOCOMMIT FALSE
SET AUTOCOMMIT TRUE
create table Reserva (codigo integer generated by default as identity (start with 1), data date, periodo varchar(255), id_responsavel integer, id_sala integer, primary key (codigo))
create table Responsavel (codigo integer generated by default as identity (start with 1), CPF varchar(255), email varchar(255), nome varchar(255), telefone varchar(255), primary key (codigo))
create table Sala (codigo integer generated by default as identity (start with 1), andar integer not null, bloco varchar(255), nome varchar(255), primary key (codigo))
alter table Reserva add constraint FK_cb3noxh33fhd3n7oh4f6j1mxt foreign key (id_responsavel) references Responsavel
alter table Reserva add constraint FK_raiqta2as5r9v6wrp340ynl1t foreign key (id_sala) references Sala
SET AUTOCOMMIT FALSE
DISCONNECT
/*C9*/SET SCHEMA PUBLIC
CONNECT USER SA
SET AUTOCOMMIT FALSE
SET AUTOCOMMIT TRUE
SET AUTOCOMMIT FALSE
/*C10*/SET SCHEMA PUBLIC
CONNECT USER SA
DISCONNECT
/*C11*/SET SCHEMA PUBLIC
CONNECT USER SA
SET AUTOCOMMIT FALSE
/*C12*/SET SCHEMA PUBLIC
CONNECT USER SA
SET AUTOCOMMIT FALSE
/*C13*/SET SCHEMA PUBLIC
CONNECT USER SA
/*C14*/SET SCHEMA PUBLIC
CONNECT USER SA
/*C13*/SET AUTOCOMMIT FALSE
/*C14*/SET AUTOCOMMIT FALSE
/*C15*/SET SCHEMA PUBLIC
CONNECT USER SA
DISCONNECT
/*C12*/DISCONNECT
/*C14*/DISCONNECT
/*C13*/DISCONNECT
/*C11*/DISCONNECT
/*C9*/DISCONNECT
/*C16*/SET SCHEMA PUBLIC
CONNECT USER SA
SET AUTOCOMMIT FALSE
DISCONNECT
/*C17*/SET SCHEMA PUBLIC
CONNECT USER SA
SET AUTOCOMMIT FALSE
/*C18*/SET SCHEMA PUBLIC
CONNECT USER SA
SET AUTOCOMMIT FALSE
/*C19*/SET SCHEMA PUBLIC
CONNECT USER SA
SET AUTOCOMMIT FALSE
/*C17*/DISCONNECT
/*C18*/DISCONNECT
/*C19*/DISCONNECT
/*C20*/SET SCHEMA PUBLIC
CONNECT USER SA
SET AUTOCOMMIT FALSE
DISCONNECT
/*C21*/SET SCHEMA PUBLIC
CONNECT USER SA
SET AUTOCOMMIT FALSE
/*C22*/SET SCHEMA PUBLIC
CONNECT USER SA
SET AUTOCOMMIT FALSE
/*C23*/SET SCHEMA PUBLIC
CONNECT USER SA
/*C24*/SET SCHEMA PUBLIC
CONNECT USER SA
/*C25*/SET SCHEMA PUBLIC
CONNECT USER SA
SET AUTOCOMMIT FALSE
/*C24*/SET AUTOCOMMIT FALSE
/*C23*/SET AUTOCOMMIT FALSE
/*C21*/DISCONNECT
/*C22*/DISCONNECT
/*C24*/DISCONNECT
/*C23*/DISCONNECT
/*C25*/DISCONNECT
/*C26*/SET SCHEMA PUBLIC
CONNECT USER SA
SET AUTOCOMMIT FALSE
DISCONNECT
/*C27*/SET SCHEMA PUBLIC
CONNECT USER SA
SET AUTOCOMMIT FALSE
/*C28*/SET SCHEMA PUBLIC
CONNECT USER SA
SET AUTOCOMMIT FALSE
/*C29*/SET SCHEMA PUBLIC
CONNECT USER SA
SET AUTOCOMMIT FALSE
/*C30*/SET SCHEMA PUBLIC
CONNECT USER SA
/*C31*/SET SCHEMA PUBLIC
CONNECT USER SA
SET AUTOCOMMIT FALSE
/*C30*/SET AUTOCOMMIT FALSE
DISCONNECT
/*C27*/DISCONNECT
/*C31*/DISCONNECT
/*C28*/DISCONNECT
/*C29*/DISCONNECT
/*C32*/SET SCHEMA PUBLIC
CONNECT USER SA
SET AUTOCOMMIT FALSE
DISCONNECT
/*C33*/SET SCHEMA PUBLIC
CONNECT USER SA
SET AUTOCOMMIT FALSE
/*C34*/SET SCHEMA PUBLIC
CONNECT USER SA
/*C35*/SET SCHEMA PUBLIC
CONNECT USER SA
SET AUTOCOMMIT FALSE
/*C34*/SET AUTOCOMMIT FALSE
/*C36*/SET SCHEMA PUBLIC
CONNECT USER SA
SET AUTOCOMMIT FALSE
/*C37*/SET SCHEMA PUBLIC
CONNECT USER SA
SET AUTOCOMMIT FALSE
/*C38*/SET SCHEMA PUBLIC
CONNECT USER SA
SET AUTOCOMMIT FALSE
/*C33*/DISCONNECT
/*C36*/DISCONNECT
/*C37*/DISCONNECT
/*C35*/DISCONNECT
/*C38*/DISCONNECT
/*C34*/DISCONNECT
/*C39*/SET SCHEMA PUBLIC
CONNECT USER SA
SET AUTOCOMMIT FALSE
/*C40*/SET SCHEMA PUBLIC
CONNECT USER SA
/*C41*/SET SCHEMA PUBLIC
CONNECT USER SA
/*C40*/SET AUTOCOMMIT FALSE
/*C41*/SET AUTOCOMMIT FALSE
/*C42*/SET SCHEMA PUBLIC
CONNECT USER SA
SET AUTOCOMMIT FALSE
/*C43*/SET SCHEMA PUBLIC
CONNECT USER SA
SET AUTOCOMMIT FALSE
/*C44*/SET SCHEMA PUBLIC
CONNECT USER SA
SET AUTOCOMMIT FALSE
DISCONNECT
/*C40*/DISCONNECT
/*C42*/DISCONNECT
/*C43*/DISCONNECT
/*C39*/DISCONNECT
/*C41*/DISCONNECT
/*C45*/SET SCHEMA PUBLIC
CONNECT USER SA
SET AUTOCOMMIT FALSE
/*C46*/SET SCHEMA PUBLIC
CONNECT USER SA
SET AUTOCOMMIT FALSE
/*C45*/DISCONNECT
/*C46*/DISCONNECT
/*C47*/SET SCHEMA PUBLIC
CONNECT USER SA
SET AUTOCOMMIT FALSE
/*C48*/SET SCHEMA PUBLIC
CONNECT USER SA
SET AUTOCOMMIT FALSE
/*C49*/SET SCHEMA PUBLIC
CONNECT USER SA
/*C50*/SET SCHEMA PUBLIC
CONNECT USER SA
SET AUTOCOMMIT FALSE
/*C49*/SET AUTOCOMMIT FALSE
/*C51*/SET SCHEMA PUBLIC
CONNECT USER SA
SET AUTOCOMMIT FALSE
/*C49*/DISCONNECT
/*C50*/DISCONNECT
/*C47*/DISCONNECT
/*C48*/DISCONNECT
/*C51*/DISCONNECT
/*C52*/SET SCHEMA PUBLIC
CONNECT USER SA
DISCONNECT
/*C53*/SET SCHEMA PUBLIC
CONNECT USER SA
CREATE TABLE SEQUENCE (SEQ_NAME VARCHAR(50) NOT NULL, SEQ_COUNT NUMERIC(38), PRIMARY KEY (SEQ_NAME))
INSERT INTO SEQUENCE VALUES('SEQ_GEN',0)
DISCONNECT
/*C54*/SET SCHEMA PUBLIC
CONNECT USER SA
DISCONNECT
/*C55*/SET SCHEMA PUBLIC
CONNECT USER SA
DISCONNECT
/*C56*/SET SCHEMA PUBLIC
CONNECT USER SA
DISCONNECT
/*C57*/SET SCHEMA PUBLIC
CONNECT USER SA
DISCONNECT
/*C58*/SET SCHEMA PUBLIC
CONNECT USER SA
DISCONNECT
/*C59*/SET SCHEMA PUBLIC
CONNECT USER SA
DISCONNECT
/*C60*/SET SCHEMA PUBLIC
CONNECT USER SA
/*C61*/SET SCHEMA PUBLIC
CONNECT USER SA
/*C60*/DISCONNECT
/*C62*/SET SCHEMA PUBLIC
CONNECT USER SA
DISCONNECT
/*C63*/SET SCHEMA PUBLIC
CONNECT USER SA
DISCONNECT
/*C64*/SET SCHEMA PUBLIC
CONNECT USER SA
DISCONNECT
/*C65*/SET SCHEMA PUBLIC
CONNECT USER SA
SET AUTOCOMMIT FALSE
DELETE FROM SEQUENCE WHERE SEQ_NAME='SEQ_GEN'
INSERT INTO SEQUENCE VALUES('SEQ_GEN',50)
COMMIT
SET AUTOCOMMIT TRUE
SET AUTOCOMMIT FALSE
INSERT INTO SALA VALUES(1,1,'1','Teste')
COMMIT
SET AUTOCOMMIT TRUE
SET AUTOCOMMIT FALSE
INSERT INTO SALA VALUES(2,1,'1','Teste')
COMMIT
SET AUTOCOMMIT TRUE
/*C66*/SET SCHEMA PUBLIC
CONNECT USER SA
DISCONNECT
/*C67*/SET SCHEMA PUBLIC
CONNECT USER SA
DELETE FROM SALA WHERE CODIGO=1
DELETE FROM SALA WHERE CODIGO=2
DISCONNECT
/*C65*/DISCONNECT
/*C68*/SET SCHEMA PUBLIC
CONNECT USER SA
DISCONNECT
/*C69*/SET SCHEMA PUBLIC
CONNECT USER SA
DISCONNECT
/*C70*/SET SCHEMA PUBLIC
CONNECT USER SA
DISCONNECT
/*C71*/SET SCHEMA PUBLIC
CONNECT USER SA
SET AUTOCOMMIT FALSE
DELETE FROM SEQUENCE WHERE SEQ_NAME='SEQ_GEN'
INSERT INTO SEQUENCE VALUES('SEQ_GEN',100)
COMMIT
SET AUTOCOMMIT TRUE
SET AUTOCOMMIT FALSE
INSERT INTO SALA VALUES(51,1,'1','Sala')
COMMIT
SET AUTOCOMMIT TRUE
DISCONNECT
/*C72*/SET SCHEMA PUBLIC
CONNECT USER SA
DISCONNECT
/*C73*/SET SCHEMA PUBLIC
CONNECT USER SA
DISCONNECT
/*C74*/SET SCHEMA PUBLIC
CONNECT USER SA
DISCONNECT
/*C75*/SET SCHEMA PUBLIC
CONNECT USER SA
SET AUTOCOMMIT FALSE
DELETE FROM SEQUENCE WHERE SEQ_NAME='SEQ_GEN'
INSERT INTO SEQUENCE VALUES('SEQ_GEN',150)
COMMIT
SET AUTOCOMMIT TRUE
SET AUTOCOMMIT FALSE
INSERT INTO SALA VALUES(101,1,'1','aaa')
COMMIT
SET AUTOCOMMIT TRUE
/*C76*/SET SCHEMA PUBLIC
CONNECT USER SA
DISCONNECT
/*C75*/DISCONNECT
/*C77*/SET SCHEMA PUBLIC
CONNECT USER SA
DISCONNECT
/*C78*/SET SCHEMA PUBLIC
CONNECT USER SA
DISCONNECT
/*C79*/SET SCHEMA PUBLIC
CONNECT USER SA
DISCONNECT
/*C80*/SET SCHEMA PUBLIC
CONNECT USER SA
SET AUTOCOMMIT FALSE
DELETE FROM SEQUENCE WHERE SEQ_NAME='SEQ_GEN'
INSERT INTO SEQUENCE VALUES('SEQ_GEN',200)
COMMIT
SET AUTOCOMMIT TRUE
SET AUTOCOMMIT FALSE
INSERT INTO SALA VALUES(151,1,'aaa','aaaa')
COMMIT
SET AUTOCOMMIT TRUE
DISCONNECT
/*C81*/SET SCHEMA PUBLIC
CONNECT USER SA
DISCONNECT
/*C82*/SET SCHEMA PUBLIC
CONNECT USER SA
DISCONNECT
/*C83*/SET SCHEMA PUBLIC
CONNECT USER SA
DISCONNECT
/*C84*/SET SCHEMA PUBLIC
CONNECT USER SA
DISCONNECT
/*C85*/SET SCHEMA PUBLIC
CONNECT USER SA
DISCONNECT
/*C86*/SET SCHEMA PUBLIC
CONNECT USER SA
DISCONNECT
/*C87*/SET SCHEMA PUBLIC
CONNECT USER SA
DISCONNECT
/*C88*/SET SCHEMA PUBLIC
CONNECT USER SA
SET AUTOCOMMIT FALSE
DELETE FROM SEQUENCE WHERE SEQ_NAME='SEQ_GEN'
INSERT INTO SEQUENCE VALUES('SEQ_GEN',250)
COMMIT
SET AUTOCOMMIT TRUE
SET AUTOCOMMIT FALSE
INSERT INTO SALA VALUES(201,1,'1','teste')
COMMIT
SET AUTOCOMMIT TRUE
DISCONNECT
/*C89*/SET SCHEMA PUBLIC
CONNECT USER SA
DISCONNECT
/*C90*/SET SCHEMA PUBLIC
CONNECT USER SA
DISCONNECT
/*C91*/SET SCHEMA PUBLIC
CONNECT USER SA
DISCONNECT
/*C92*/SET SCHEMA PUBLIC
CONNECT USER SA
DISCONNECT
/*C93*/SET SCHEMA PUBLIC
CONNECT USER SA
DISCONNECT
/*C94*/SET SCHEMA PUBLIC
CONNECT USER SA
SET AUTOCOMMIT FALSE
DELETE FROM SEQUENCE WHERE SEQ_NAME='SEQ_GEN'
INSERT INTO SEQUENCE VALUES('SEQ_GEN',300)
COMMIT
SET AUTOCOMMIT TRUE
SET AUTOCOMMIT FALSE
INSERT INTO SALA VALUES(251,1,'Teste','Antonio')
COMMIT
SET AUTOCOMMIT TRUE
DISCONNECT
/*C95*/SET SCHEMA PUBLIC
CONNECT USER SA
DISCONNECT
/*C96*/SET SCHEMA PUBLIC
CONNECT USER SA
DISCONNECT
/*C97*/SET SCHEMA PUBLIC
CONNECT USER SA
DISCONNECT
/*C98*/SET SCHEMA PUBLIC
CONNECT USER SA
SET AUTOCOMMIT FALSE
DELETE FROM SEQUENCE WHERE SEQ_NAME='SEQ_GEN'
INSERT INTO SEQUENCE VALUES('SEQ_GEN',350)
COMMIT
SET AUTOCOMMIT TRUE
SET AUTOCOMMIT FALSE
INSERT INTO SALA VALUES(301,1,'a','qq')
COMMIT
SET AUTOCOMMIT TRUE
DISCONNECT
/*C99*/SET SCHEMA PUBLIC
CONNECT USER SA
DISCONNECT
/*C100*/SET SCHEMA PUBLIC
CONNECT USER SA
DISCONNECT
/*C101*/SET SCHEMA PUBLIC
CONNECT USER SA
DISCONNECT
/*C102*/SET SCHEMA PUBLIC
CONNECT USER SA
SET AUTOCOMMIT FALSE
DELETE FROM SEQUENCE WHERE SEQ_NAME='SEQ_GEN'
INSERT INTO SEQUENCE VALUES('SEQ_GEN',400)
COMMIT
SET AUTOCOMMIT TRUE
SET AUTOCOMMIT FALSE
INSERT INTO SALA VALUES(351,1,'1','aa')
COMMIT
SET AUTOCOMMIT TRUE
DISCONNECT
/*C103*/SET SCHEMA PUBLIC
CONNECT USER SA
DISCONNECT
/*C104*/SET SCHEMA PUBLIC
CONNECT USER SA
DISCONNECT
/*C105*/SET SCHEMA PUBLIC
CONNECT USER SA
DISCONNECT
/*C106*/SET SCHEMA PUBLIC
CONNECT USER SA
SET AUTOCOMMIT FALSE
DELETE FROM SEQUENCE WHERE SEQ_NAME='SEQ_GEN'
INSERT INTO SEQUENCE VALUES('SEQ_GEN',450)
COMMIT
SET AUTOCOMMIT TRUE
SET AUTOCOMMIT FALSE
INSERT INTO SALA VALUES(401,1,'1','aaaa')
COMMIT
SET AUTOCOMMIT TRUE
DISCONNECT
/*C107*/SET SCHEMA PUBLIC
CONNECT USER SA
DISCONNECT
/*C108*/SET SCHEMA PUBLIC
CONNECT USER SA
DISCONNECT
/*C109*/SET SCHEMA PUBLIC
CONNECT USER SA
DISCONNECT
/*C110*/SET SCHEMA PUBLIC
CONNECT USER SA
SET AUTOCOMMIT FALSE
DELETE FROM SEQUENCE WHERE SEQ_NAME='SEQ_GEN'
INSERT INTO SEQUENCE VALUES('SEQ_GEN',500)
COMMIT
SET AUTOCOMMIT TRUE
SET AUTOCOMMIT FALSE
INSERT INTO SALA VALUES(451,1,'1','teste')
COMMIT
SET AUTOCOMMIT TRUE
DISCONNECT
/*C111*/SET SCHEMA PUBLIC
CONNECT USER SA
DISCONNECT
/*C112*/SET SCHEMA PUBLIC
CONNECT USER SA
DISCONNECT
/*C113*/SET SCHEMA PUBLIC
CONNECT USER SA
DISCONNECT
/*C114*/SET SCHEMA PUBLIC
CONNECT USER SA
DISCONNECT
/*C115*/SET SCHEMA PUBLIC
CONNECT USER SA
DISCONNECT
/*C116*/SET SCHEMA PUBLIC
CONNECT USER SA
DISCONNECT
/*C117*/SET SCHEMA PUBLIC
CONNECT USER SA
DISCONNECT
/*C118*/SET SCHEMA PUBLIC
CONNECT USER SA
SET AUTOCOMMIT FALSE
DELETE FROM SALA WHERE CODIGO=51
COMMIT
SET AUTOCOMMIT TRUE
SET AUTOCOMMIT FALSE
DELETE FROM SALA WHERE CODIGO=101
COMMIT
SET AUTOCOMMIT TRUE
SET AUTOCOMMIT FALSE
DELETE FROM SALA WHERE CODIGO=151
COMMIT
SET AUTOCOMMIT TRUE
SET AUTOCOMMIT FALSE
DELETE FROM SALA WHERE CODIGO=201
COMMIT
SET AUTOCOMMIT TRUE
SET AUTOCOMMIT FALSE
DELETE FROM SALA WHERE CODIGO=251
COMMIT
SET AUTOCOMMIT TRUE
SET AUTOCOMMIT FALSE
DELETE FROM SALA WHERE CODIGO=301
COMMIT
SET AUTOCOMMIT TRUE
SET AUTOCOMMIT FALSE
DELETE FROM SALA WHERE CODIGO=351
COMMIT
SET AUTOCOMMIT TRUE
SET AUTOCOMMIT FALSE
DELETE FROM SALA WHERE CODIGO=401
COMMIT
SET AUTOCOMMIT TRUE
DISCONNECT
/*C119*/SET SCHEMA PUBLIC
CONNECT USER SA
DISCONNECT
/*C120*/SET SCHEMA PUBLIC
CONNECT USER SA
DISCONNECT
/*C121*/SET SCHEMA PUBLIC
CONNECT USER SA
DISCONNECT
/*C122*/SET SCHEMA PUBLIC
CONNECT USER SA
SET AUTOCOMMIT FALSE
DELETE FROM SALA WHERE CODIGO=451
INSERT INTO SALA VALUES(451,0,'','')
COMMIT
SET AUTOCOMMIT TRUE
SET AUTOCOMMIT FALSE
DELETE FROM SEQUENCE WHERE SEQ_NAME='SEQ_GEN'
INSERT INTO SEQUENCE VALUES('SEQ_GEN',550)
COMMIT
SET AUTOCOMMIT TRUE
SET AUTOCOMMIT FALSE
INSERT INTO SALA VALUES(501,0,'','')
COMMIT
SET AUTOCOMMIT TRUE
SET AUTOCOMMIT FALSE
DELETE FROM SALA WHERE CODIGO=501
COMMIT
SET AUTOCOMMIT TRUE
SET AUTOCOMMIT FALSE
DELETE FROM SALA WHERE CODIGO=451
COMMIT
SET AUTOCOMMIT TRUE
DISCONNECT
/*C123*/SET SCHEMA PUBLIC
CONNECT USER SA
DISCONNECT
/*C124*/SET SCHEMA PUBLIC
CONNECT USER SA
DISCONNECT
/*C125*/SET SCHEMA PUBLIC
CONNECT USER SA
DISCONNECT
/*C126*/SET SCHEMA PUBLIC
CONNECT USER SA
DISCONNECT
/*C127*/SET SCHEMA PUBLIC
CONNECT USER SA
DISCONNECT
/*C128*/SET SCHEMA PUBLIC
CONNECT USER SA
SET AUTOCOMMIT FALSE
DELETE FROM SEQUENCE WHERE SEQ_NAME='SEQ_GEN'
INSERT INTO SEQUENCE VALUES('SEQ_GEN',600)
COMMIT
SET AUTOCOMMIT TRUE
SET AUTOCOMMIT FALSE
INSERT INTO SALA VALUES(551,1,'aaaa','aaa')
COMMIT
SET AUTOCOMMIT TRUE
SET AUTOCOMMIT FALSE
DELETE FROM SALA WHERE CODIGO=551
COMMIT
SET AUTOCOMMIT TRUE
DISCONNECT
/*C129*/SET SCHEMA PUBLIC
CONNECT USER SA
DISCONNECT
/*C130*/SET SCHEMA PUBLIC
CONNECT USER SA
DISCONNECT
/*C131*/SET SCHEMA PUBLIC
CONNECT USER SA
DISCONNECT
/*C132*/SET SCHEMA PUBLIC
CONNECT USER SA
SET AUTOCOMMIT FALSE
DELETE FROM SEQUENCE WHERE SEQ_NAME='SEQ_GEN'
INSERT INTO SEQUENCE VALUES('SEQ_GEN',650)
COMMIT
SET AUTOCOMMIT TRUE
SET AUTOCOMMIT FALSE
INSERT INTO SALA VALUES(601,1,'1','a')
COMMIT
SET AUTOCOMMIT TRUE
SET AUTOCOMMIT FALSE
DELETE FROM SALA WHERE CODIGO=601
COMMIT
SET AUTOCOMMIT TRUE
SET AUTOCOMMIT FALSE
INSERT INTO SALA VALUES(602,1,'1','a')
COMMIT
SET AUTOCOMMIT TRUE
SET AUTOCOMMIT FALSE
DELETE FROM SALA WHERE CODIGO=602
INSERT INTO SALA VALUES(602,2,'2','a')
COMMIT
SET AUTOCOMMIT TRUE
SET AUTOCOMMIT FALSE
DELETE FROM SALA WHERE CODIGO=602
COMMIT
SET AUTOCOMMIT TRUE
DISCONNECT
/*C133*/SET SCHEMA PUBLIC
CONNECT USER SA
DISCONNECT
/*C134*/SET SCHEMA PUBLIC
CONNECT USER SA
DISCONNECT
/*C135*/SET SCHEMA PUBLIC
CONNECT USER SA
DISCONNECT
/*C136*/SET SCHEMA PUBLIC
CONNECT USER SA
DISCONNECT
/*C137*/SET SCHEMA PUBLIC
CONNECT USER SA
DISCONNECT
/*C138*/SET SCHEMA PUBLIC
CONNECT USER SA
DISCONNECT
/*C139*/SET SCHEMA PUBLIC
CONNECT USER SA
DISCONNECT
/*C140*/SET SCHEMA PUBLIC
CONNECT USER SA
DISCONNECT
/*C141*/SET SCHEMA PUBLIC
CONNECT USER SA
DISCONNECT
/*C142*/SET SCHEMA PUBLIC
CONNECT USER SA
DISCONNECT
/*C143*/SET SCHEMA PUBLIC
CONNECT USER SA
DISCONNECT
/*C144*/SET SCHEMA PUBLIC
CONNECT USER SA
DISCONNECT
/*C145*/SET SCHEMA PUBLIC
CONNECT USER SA
DISCONNECT
/*C146*/SET SCHEMA PUBLIC
CONNECT USER SA
DISCONNECT
/*C147*/SET SCHEMA PUBLIC
CONNECT USER SA
DISCONNECT
/*C148*/SET SCHEMA PUBLIC
CONNECT USER SA
DISCONNECT
/*C149*/SET SCHEMA PUBLIC
CONNECT USER SA
DISCONNECT
/*C150*/SET SCHEMA PUBLIC
CONNECT USER SA
DISCONNECT
/*C151*/SET SCHEMA PUBLIC
CONNECT USER SA
DISCONNECT
/*C152*/SET SCHEMA PUBLIC
CONNECT USER SA
DISCONNECT
/*C153*/SET SCHEMA PUBLIC
CONNECT USER SA
DISCONNECT
/*C154*/SET SCHEMA PUBLIC
CONNECT USER SA
DISCONNECT
/*C155*/SET SCHEMA PUBLIC
CONNECT USER SA
DISCONNECT
/*C156*/SET SCHEMA PUBLIC
CONNECT USER SA
DISCONNECT
/*C157*/SET SCHEMA PUBLIC
CONNECT USER SA
DISCONNECT
/*C158*/SET SCHEMA PUBLIC
CONNECT USER SA
DISCONNECT
/*C159*/SET SCHEMA PUBLIC
CONNECT USER SA
DISCONNECT
/*C160*/SET SCHEMA PUBLIC
CONNECT USER SA
DISCONNECT
/*C161*/SET SCHEMA PUBLIC
CONNECT USER SA
DISCONNECT
/*C162*/SET SCHEMA PUBLIC
CONNECT USER SA
DISCONNECT
/*C163*/SET SCHEMA PUBLIC
CONNECT USER SA
DISCONNECT
/*C164*/SET SCHEMA PUBLIC
CONNECT USER SA
DISCONNECT
/*C165*/SET SCHEMA PUBLIC
CONNECT USER SA
DISCONNECT
/*C166*/SET SCHEMA PUBLIC
CONNECT USER SA
DISCONNECT
/*C167*/SET SCHEMA PUBLIC
CONNECT USER SA
DISCONNECT
/*C168*/SET SCHEMA PUBLIC
CONNECT USER SA
DISCONNECT
/*C169*/SET SCHEMA PUBLIC
CONNECT USER SA
DISCONNECT
/*C170*/SET SCHEMA PUBLIC
CONNECT USER SA
DISCONNECT
/*C171*/SET SCHEMA PUBLIC
CONNECT USER SA
DISCONNECT
/*C172*/SET SCHEMA PUBLIC
CONNECT USER SA
DISCONNECT
/*C173*/SET SCHEMA PUBLIC
CONNECT USER SA
DISCONNECT
/*C174*/SET SCHEMA PUBLIC
CONNECT USER SA
DISCONNECT
/*C175*/SET SCHEMA PUBLIC
CONNECT USER SA
DISCONNECT
/*C176*/SET SCHEMA PUBLIC
CONNECT USER SA
SET AUTOCOMMIT FALSE
DELETE FROM SEQUENCE WHERE SEQ_NAME='SEQ_GEN'
INSERT INTO SEQUENCE VALUES('SEQ_GEN',700)
COMMIT
SET AUTOCOMMIT TRUE
SET AUTOCOMMIT FALSE
INSERT INTO RESPONSAVEL VALUES(651,'061.988.689-74','antonio.sjnr@gmail.com','Ant\u00f4nio da Silva J\u00fanior','(48)9996-7463')
COMMIT
SET AUTOCOMMIT TRUE
/*C177*/SET SCHEMA PUBLIC
CONNECT USER SA
/*C176*/DISCONNECT
/*C178*/SET SCHEMA PUBLIC
CONNECT USER SA
DISCONNECT
/*C179*/SET SCHEMA PUBLIC
CONNECT USER SA
DISCONNECT
/*C180*/SET SCHEMA PUBLIC
CONNECT USER SA
DISCONNECT
/*C181*/SET SCHEMA PUBLIC
CONNECT USER SA
DISCONNECT
/*C182*/SET SCHEMA PUBLIC
CONNECT USER SA
DISCONNECT
/*C183*/SET SCHEMA PUBLIC
CONNECT USER SA
DISCONNECT
/*C184*/SET SCHEMA PUBLIC
CONNECT USER SA
DISCONNECT
/*C185*/SET SCHEMA PUBLIC
CONNECT USER SA
SET AUTOCOMMIT FALSE
DELETE FROM SEQUENCE WHERE SEQ_NAME='SEQ_GEN'
INSERT INTO SEQUENCE VALUES('SEQ_GEN',750)
COMMIT
SET AUTOCOMMIT TRUE
SET AUTOCOMMIT FALSE
INSERT INTO RESPONSAVEL VALUES(701,'100.191.911-00','','Gregorio Oliveira','(48)9922-3323')
COMMIT
SET AUTOCOMMIT TRUE
SET AUTOCOMMIT FALSE
DELETE FROM RESPONSAVEL WHERE CODIGO=701
COMMIT
SET AUTOCOMMIT TRUE
DISCONNECT
/*C186*/SET SCHEMA PUBLIC
CONNECT USER SA
DISCONNECT
/*C187*/SET SCHEMA PUBLIC
CONNECT USER SA
DISCONNECT
/*C188*/SET SCHEMA PUBLIC
CONNECT USER SA
DISCONNECT
/*C189*/SET SCHEMA PUBLIC
CONNECT USER SA
DISCONNECT
/*C190*/SET SCHEMA PUBLIC
CONNECT USER SA
DISCONNECT
/*C191*/SET SCHEMA PUBLIC
CONNECT USER SA
DISCONNECT
/*C192*/SET SCHEMA PUBLIC
CONNECT USER SA
DISCONNECT
/*C193*/SET SCHEMA PUBLIC
CONNECT USER SA
DISCONNECT
/*C194*/SET SCHEMA PUBLIC
CONNECT USER SA
DISCONNECT
/*C195*/SET SCHEMA PUBLIC
CONNECT USER SA
DISCONNECT
/*C196*/SET SCHEMA PUBLIC
CONNECT USER SA
DISCONNECT
/*C197*/SET SCHEMA PUBLIC
CONNECT USER SA
DISCONNECT
/*C198*/SET SCHEMA PUBLIC
CONNECT USER SA
DISCONNECT
/*C199*/SET SCHEMA PUBLIC
CONNECT USER SA
DISCONNECT
/*C200*/SET SCHEMA PUBLIC
CONNECT USER SA
DISCONNECT
/*C201*/SET SCHEMA PUBLIC
CONNECT USER SA
DISCONNECT
/*C202*/SET SCHEMA PUBLIC
CONNECT USER SA
DISCONNECT
/*C203*/SET SCHEMA PUBLIC
CONNECT USER SA
DISCONNECT
/*C204*/SET SCHEMA PUBLIC
CONNECT USER SA
DISCONNECT
/*C205*/SET SCHEMA PUBLIC
CONNECT USER SA
DISCONNECT
/*C206*/SET SCHEMA PUBLIC
CONNECT USER SA
DISCONNECT
/*C207*/SET SCHEMA PUBLIC
CONNECT USER SA
DISCONNECT
/*C208*/SET SCHEMA PUBLIC
CONNECT USER SA
DISCONNECT
/*C209*/SET SCHEMA PUBLIC
CONNECT USER SA
DISCONNECT
/*C210*/SET SCHEMA PUBLIC
CONNECT USER SA
DISCONNECT
/*C211*/SET SCHEMA PUBLIC
CONNECT USER SA
DISCONNECT
/*C212*/SET SCHEMA PUBLIC
CONNECT USER SA
DISCONNECT
/*C213*/SET SCHEMA PUBLIC
CONNECT USER SA
DISCONNECT
/*C214*/SET SCHEMA PUBLIC
CONNECT USER SA
DISCONNECT
/*C215*/SET SCHEMA PUBLIC
CONNECT USER SA
DISCONNECT
/*C216*/SET SCHEMA PUBLIC
CONNECT USER SA
DISCONNECT
/*C217*/SET SCHEMA PUBLIC
CONNECT USER SA
DISCONNECT
/*C218*/SET SCHEMA PUBLIC
CONNECT USER SA
DISCONNECT
/*C219*/SET SCHEMA PUBLIC
CONNECT USER SA
DISCONNECT
/*C220*/SET SCHEMA PUBLIC
CONNECT USER SA
DISCONNECT
/*C221*/SET SCHEMA PUBLIC
CONNECT USER SA
DISCONNECT
/*C222*/SET SCHEMA PUBLIC
CONNECT USER SA
DISCONNECT
/*C223*/SET SCHEMA PUBLIC
CONNECT USER SA
DISCONNECT
/*C224*/SET SCHEMA PUBLIC
CONNECT USER SA
DISCONNECT
/*C225*/SET SCHEMA PUBLIC
CONNECT USER SA
DISCONNECT
/*C226*/SET SCHEMA PUBLIC
CONNECT USER SA
DISCONNECT
/*C227*/SET SCHEMA PUBLIC
CONNECT USER SA
DISCONNECT
/*C228*/SET SCHEMA PUBLIC
CONNECT USER SA
DISCONNECT
/*C229*/SET SCHEMA PUBLIC
CONNECT USER SA
DISCONNECT
/*C230*/SET SCHEMA PUBLIC
CONNECT USER SA
DISCONNECT
/*C231*/SET SCHEMA PUBLIC
CONNECT USER SA
DISCONNECT
/*C232*/SET SCHEMA PUBLIC
CONNECT USER SA
DISCONNECT
/*C233*/SET SCHEMA PUBLIC
CONNECT USER SA
DISCONNECT
/*C234*/SET SCHEMA PUBLIC
CONNECT USER SA
DISCONNECT
/*C235*/SET SCHEMA PUBLIC
CONNECT USER SA
DISCONNECT
/*C236*/SET SCHEMA PUBLIC
CONNECT USER SA
DISCONNECT
/*C237*/SET SCHEMA PUBLIC
CONNECT USER SA
DISCONNECT
/*C238*/SET SCHEMA PUBLIC
CONNECT USER SA
DISCONNECT
/*C239*/SET SCHEMA PUBLIC
CONNECT USER SA
DISCONNECT
/*C240*/SET SCHEMA PUBLIC
CONNECT USER SA
DISCONNECT
/*C241*/SET SCHEMA PUBLIC
CONNECT USER SA
DISCONNECT
/*C242*/SET SCHEMA PUBLIC
CONNECT USER SA
DISCONNECT
/*C243*/SET SCHEMA PUBLIC
CONNECT USER SA
DISCONNECT
/*C244*/SET SCHEMA PUBLIC
CONNECT USER SA
DISCONNECT
/*C245*/SET SCHEMA PUBLIC
CONNECT USER SA
DISCONNECT
/*C246*/SET SCHEMA PUBLIC
CONNECT USER SA
DISCONNECT
/*C247*/SET SCHEMA PUBLIC
CONNECT USER SA
DISCONNECT
/*C248*/SET SCHEMA PUBLIC
CONNECT USER SA
DISCONNECT
/*C249*/SET SCHEMA PUBLIC
CONNECT USER SA
DISCONNECT
/*C250*/SET SCHEMA PUBLIC
CONNECT USER SA
DISCONNECT
/*C251*/SET SCHEMA PUBLIC
CONNECT USER SA
/*C177*/DISCONNECT
/*C61*/DISCONNECT
/*C251*/DISCONNECT
